<?xml version="1.0" encoding="US-ASCII" standalone="no"?>
<!DOCTYPE log SYSTEM "logger.dtd">
<log>
<record>
  <date>2018-01-30T22:57:23</date>
  <millis>1517349443770</millis>
  <sequence>0</sequence>
  <logger>org.uma.jmetal.util.JMetalLogger</logger>
  <level>INFO</level>
  <class>org.uma.jmetal.util.JMetalLogger</class>
  <method>configureLoggers</method>
  <thread>1</thread>
  <message>Loggers configured with null</message>
</record>
<record>
  <date>2018-01-30T22:57:23</date>
  <millis>1517349443788</millis>
  <sequence>1</sequence>
  <logger>org.uma.jmetal.util.JMetalLogger</logger>
  <level>INFO</level>
  <class>org.uma.jmetal.util.evaluator.impl.MultithreadedSolutionListEvaluator</class>
  <method>&lt;init&gt;</method>
  <thread>1</thread>
  <message>Number of cores: 2</message>
</record>
<record>
  <date>2018-01-30T22:57:23</date>
  <millis>1517349443842</millis>
  <sequence>2</sequence>
  <logger>org.uma.jmetal.util.JMetalLogger</logger>
  <level>INFO</level>
  <class>org.uma.jmetal.util.evaluator.impl.MultithreadedSolutionListEvaluator</class>
  <method>&lt;init&gt;</method>
  <thread>1</thread>
  <message>Number of cores: 2</message>
</record>
</log>
